[ 7461.212116] e1000 0000:00:09.0 enp0s9: Reset adapter
         Starting Daily apt download activities...
         Starting Discard unused blocks...
         Starting Message of the Day...
[[0;32m  OK  [0m] Started Discard unused blocks.
         Starting Hostname Service...
[[0;32m  OK  [0m] Started Hostname Service.
[[0;32m  OK  [0m] Created slice User Slice of vagrant.
         Starting User Manager for UID 1000...
[[0;32m  OK  [0m] Started Session 5 of user vagrant.
[[0;32m  OK  [0m] Started User Manager for UID 1000.
[[0;32m  OK  [0m] Started Session 7 of user vagrant.
[[0;32m  OK  [0m] Started Session 8 of user vagrant.
[[0;32m  OK  [0m] Started Daily apt download activities.
         Starting Daily apt upgrade and clean activities...
[[0;32m  OK  [0m] Started Daily apt upgrade and clean activities.
         Stopping User Manager for UID 1000...
[[0;32m  OK  [0m] Stopped User Manager for UID 1000.
[[0;32m  OK  [0m] Removed slice User Slice of vagrant.
[[0;32m  OK  [0m] Created slice User Slice of vagrant.
[[0;32m  OK  [0m] Started Session 9 of user vagrant.
         Starting User Manager for UID 1000...
[[0;32m  OK  [0m] Started User Manager for UID 1000.
[[0;32m  OK  [0m] Stopped Daily apt upgrade and clean activities.
         Stopping Daily apt upgrade and clean activities.
[[0;32m  OK  [0m] Started Daily apt upgrade and clean activities.
[[0;32m  OK  [0m] Stopped Daily apt download activities.
         Stopping Daily apt download activities.
[[0;32m  OK  [0m] Started Daily apt download activities.
[[0;32m  OK  [0m] Stopped Trigger to poll for Ubuntu …(Only enabled on GCP LTS non-pro).
[[0;32m  OK  [0m] Stopped Ubuntu Advantage Timer for running repeated jobs.
         Stopping LSB: Record successful boot for GRUB...
[[0;32m  OK  [0m] Stopped LSB: Record successful boot for GRUB.
         Starting LSB: Record successful boot for GRUB...
[[0;32m  OK  [0m] Started LSB: Record successful boot for GRUB.
         Stopping OpenBSD Secure Shell server...
[[0;32m  OK  [0m] Stopped OpenBSD Secure Shell server.
         Starting OpenBSD Secure Shell server...
[[0;32m  OK  [0m] Started OpenBSD Secure Shell server.
         Stopping LXD - container startup/shutdown...
[[0;32m  OK  [0m] Stopped LXD - container startup/shutdown.
         Starting LXD - container startup/shutdown...
[[0;32m  OK  [0m] Started LXD - container startup/shutdown.
[13072.537767] e1000 0000:00:09.0 enp0s9: Reset adapter
         Starting Hostname Service...
         Starting Daily apt upgrade and clean activities...
[[0;32m  OK  [0m] Started Hostname Service.
[[0;32m  OK  [0m] Started Daily apt upgrade and clean activities.
[[0;32m  OK  [0m] Started Message of the Day.
         Starting Daily apt download activities...
         Starting Hostname Service...
[[0;32m  OK  [0m] Started Hostname Service.
[[0;32m  OK  [0m] Started Daily apt download activities.
         Starting Hostname Service...
[[0;32m  OK  [0m] Started Hostname Service.
         Starting Hostname Service...
[[0;32m  OK  [0m] Started Hostname Service.
         Starting Message of the Day...
[[0;32m  OK  [0m] Started Message of the Day.
         Stopping User Manager for UID 1000...
[[0;32m  OK  [0m] Stopped User Manager for UID 1000.
[[0;32m  OK  [0m] Removed slice User Slice of vagrant.
[[0;32m  OK  [0m] Created slice User Slice of vagrant.
         Starting User Manager for UID 1000...
[[0;32m  OK  [0m] Started Session 17 of user vagrant.
[[0;32m  OK  [0m] Started User Manager for UID 1000.
[[0;32m  OK  [0m] Started Session 19 of user vagrant.
         Stopping User Manager for UID 1000...
[[0;32m  OK  [0m] Stopped User Manager for UID 1000.
[[0;32m  OK  [0m] Removed slice User Slice of vagrant.
         Starting Hostname Service...
[[0;32m  OK  [0m] Started Hostname Service.
         Starting Hostname Service...
[[0;32m  OK  [0m] Started Hostname Service.
